20:03:57: Creating resource group General
20:03:57: Creating resource group Internal
20:03:57: Creating resource group Autodetect
20:03:57: SceneManagerFactory for type 'DefaultSceneManager' registered.
20:03:57: Registering ResourceManager for type Material
20:03:57: Registering ResourceManager for type Mesh
20:03:57: Registering ResourceManager for type Skeleton
20:03:57: MovableObjectFactory for type 'ParticleSystem' registered.
20:03:57: OverlayElementFactory for type Panel registered.
20:03:57: OverlayElementFactory for type BorderPanel registered.
20:03:57: OverlayElementFactory for type TextArea registered.
20:03:57: Registering ResourceManager for type Font
20:03:57: ArchiveFactory for archive type FileSystem registered.
20:03:57: ArchiveFactory for archive type Zip registered.
20:03:57: FreeImage version: 3.10.0
20:03:57: This program uses FreeImage, a free, open source image library supporting all common bitmap formats. See http://freeimage.sourceforge.net for details
20:03:57: Supported formats: bmp,ico,jpg,jif,jpeg,jpe,jng,koa,iff,lbm,mng,pbm,pbm,pcd,pcx,pgm,pgm,png,ppm,ppm,ras,tga,targa,tif,tiff,wap,wbmp,wbm,psd,cut,xbm,xpm,gif,hdr,g3,sgi,exr,j2k,j2c,jp2
20:03:57: DDS codec registering
20:03:57: Registering ResourceManager for type HighLevelGpuProgram
20:03:57: Registering ResourceManager for type Compositor
20:03:57: MovableObjectFactory for type 'Entity' registered.
20:03:57: MovableObjectFactory for type 'Light' registered.
20:03:57: MovableObjectFactory for type 'BillboardSet' registered.
20:03:57: MovableObjectFactory for type 'ManualObject' registered.
20:03:57: MovableObjectFactory for type 'BillboardChain' registered.
20:03:57: MovableObjectFactory for type 'RibbonTrail' registered.
20:03:57: Loading library /usr/lib/OGRE/RenderSystem_GL.so
20:03:57: Installing plugin: GL RenderSystem
20:03:57: OpenGL Rendering Subsystem created.
20:03:57: Plugin successfully installed
20:03:57: Loading library /usr/lib/OGRE/Plugin_ParticleFX.so
20:03:57: Installing plugin: ParticleFX
20:03:57: Particle Emitter Type 'Point' registered
20:03:57: Particle Emitter Type 'Box' registered
20:03:57: Particle Emitter Type 'Ellipsoid' registered
20:03:57: Particle Emitter Type 'Cylinder' registered
20:03:57: Particle Emitter Type 'Ring' registered
20:03:57: Particle Emitter Type 'HollowEllipsoid' registered
20:03:57: Particle Affector Type 'LinearForce' registered
20:03:57: Particle Affector Type 'ColourFader' registered
20:03:57: Particle Affector Type 'ColourFader2' registered
20:03:57: Particle Affector Type 'ColourImage' registered
20:03:57: Particle Affector Type 'ColourInterpolator' registered
20:03:57: Particle Affector Type 'Scaler' registered
20:03:57: Particle Affector Type 'Rotator' registered
20:03:57: Particle Affector Type 'DirectionRandomiser' registered
20:03:57: Particle Affector Type 'DeflectorPlane' registered
20:03:57: Plugin successfully installed
20:03:57: Loading library /usr/lib/OGRE/Plugin_BSPSceneManager.so
20:03:57: Installing plugin: BSP Scene Manager
20:03:57: Plugin successfully installed
20:03:57: Loading library /usr/lib/OGRE/Plugin_OctreeSceneManager.so
20:03:57: Installing plugin: Octree & Terrain Scene Manager
20:03:57: Plugin successfully installed
20:03:57: Loading library /usr/lib/OGRE/Plugin_CgProgramManager.so
20:03:57: Installing plugin: Cg Program Manager
20:03:58: Plugin successfully installed
20:03:58: *-*-* OGRE Initialising
20:03:58: *-*-* Version 1.4.6 (Eihort)
20:03:58: Creating resource group Bootstrap
20:03:58: Added resource location '/media/Dump/David_Code/demo_2/Demo_2/Media' of type 'FileSystem' to resource group 'Bootstrap'
20:03:58: Added resource location '/usr/share/ogrenew/Samples/Media/packs/OgreCore.zip' of type 'Zip' to resource group 'Bootstrap'
20:03:58: Added resource location '/usr/share/ogrenew/Samples/Media' of type 'FileSystem' to resource group 'General'
20:03:58: Added resource location '/usr/share/ogrenew/Samples/Media/fonts' of type 'FileSystem' to resource group 'General'
20:03:58: Added resource location '/usr/share/ogrenew/Samples/Media/materials/programs' of type 'FileSystem' to resource group 'General'
20:03:58: Added resource location '/usr/share/ogrenew/Samples/Media/materials/scripts' of type 'FileSystem' to resource group 'General'
20:03:58: Added resource location '/usr/share/ogrenew/Samples/Media/materials/textures' of type 'FileSystem' to resource group 'General'
20:03:58: Added resource location '/usr/share/ogrenew/Samples/Media/models' of type 'FileSystem' to resource group 'General'
20:03:58: Added resource location '/usr/share/ogrenew/Samples/Media/overlays' of type 'FileSystem' to resource group 'General'
20:03:58: Added resource location '/usr/share/ogrenew/Samples/Media/particle' of type 'FileSystem' to resource group 'General'
20:03:58: Added resource location '/usr/share/ogrenew/Samples/Media/gui' of type 'FileSystem' to resource group 'General'
20:03:58: Added resource location '/usr/share/ogrenew/Samples/Media/DeferredShadingMedia' of type 'FileSystem' to resource group 'General'
20:03:58: Added resource location '/usr/share/ogrenew/Samples/Media/packs/cubemap.zip' of type 'Zip' to resource group 'General'
20:03:58: Added resource location '/usr/share/ogrenew/Samples/Media/packs/cubemapsJS.zip' of type 'Zip' to resource group 'General'
20:03:58: Added resource location '/usr/share/ogrenew/Samples/Media/packs/dragon.zip' of type 'Zip' to resource group 'General'
20:03:58: Added resource location '/usr/share/ogrenew/Samples/Media/packs/fresneldemo.zip' of type 'Zip' to resource group 'General'
20:03:58: Added resource location '/usr/share/ogrenew/Samples/Media/packs/ogretestmap.zip' of type 'Zip' to resource group 'General'
20:03:58: Added resource location '/usr/share/ogrenew/Samples/Media/packs/skybox.zip' of type 'Zip' to resource group 'General'
20:03:58: CPU Identifier & Features
20:03:58: -------------------------
20:03:58:  *   CPU ID: GenuineIntel: Intel(R) Pentium(R) 4 CPU 1.80GHz
20:03:58:  *      SSE: yes
20:03:58:  *     SSE2: yes
20:03:58:  *     SSE3: no
20:03:58:  *      MMX: yes
20:03:58:  *   MMXEXT: yes
20:03:58:  *    3DNOW: no
20:03:58:  * 3DNOWEXT: no
20:03:58:  *     CMOV: yes
20:03:58:  *      TSC: yes
20:03:58:  *      FPU: yes
20:03:58:  *      PRO: no
20:03:58:  *       HT: yes
20:03:58: -------------------------
20:03:58: ******************************
*** Starting GLX Subsystem ***
******************************
20:03:58: GLRenderSystem::createRenderWindow "OGRE Render Window", 800x600 windowed  miscParams: FSAA=0 title=OGRE Render Window 
20:03:58: GLXWindow::create
20:03:58: Parsing miscParams
20:03:58: GLXWindow::create -- Best visual is 35
20:03:58: GL_VERSION = 2.1.2 NVIDIA 169.07
20:03:58: GL_VENDOR = NVIDIA Corporation
20:03:58: GL_RENDERER = unknown board/AGP/SSE2
20:03:58: GL_EXTENSIONS = GL_ARB_color_buffer_float GL_ARB_depth_texture GL_ARB_draw_buffers GL_ARB_fragment_program GL_ARB_fragment_program_shadow GL_ARB_fragment_shader GL_ARB_half_float_pixel GL_ARB_imaging GL_ARB_multisample GL_ARB_multitexture GL_ARB_occlusion_query GL_ARB_pixel_buffer_object GL_ARB_point_parameters GL_ARB_point_sprite GL_ARB_shadow GL_ARB_shader_objects GL_ARB_shading_language_100 GL_ARB_texture_border_clamp GL_ARB_texture_compression GL_ARB_texture_cube_map GL_ARB_texture_env_add GL_ARB_texture_env_combine GL_ARB_texture_env_dot3 GL_ARB_texture_float GL_ARB_texture_mirrored_repeat GL_ARB_texture_non_power_of_two GL_ARB_texture_rectangle GL_ARB_transpose_matrix GL_ARB_vertex_buffer_object GL_ARB_vertex_program GL_ARB_vertex_shader GL_ARB_window_pos GL_ATI_draw_buffers GL_ATI_texture_float GL_ATI_texture_mirror_once GL_S3_s3tc GL_EXT_texture_env_add GL_EXT_abgr GL_EXT_bgra GL_EXT_blend_color GL_EXT_blend_equation_separate GL_EXT_blend_func_separate GL_EXT_blend_minmax GL_EXT_blend_subtract GL_EXT_compiled_vertex_array GL_EXT_Cg_shader GL_EXT_depth_bounds_test GL_EXT_draw_range_elements GL_EXT_fog_coord GL_EXT_framebuffer_blit GL_EXT_framebuffer_multisample GL_EXT_framebuffer_object GL_EXT_gpu_program_parameters GL_EXT_multi_draw_arrays GL_EXT_packed_depth_stencil GL_EXT_packed_pixels GL_EXT_pixel_buffer_object GL_EXT_point_parameters GL_EXT_rescale_normal GL_EXT_secondary_color GL_EXT_separate_specular_color GL_EXT_shadow_funcs GL_EXT_stencil_two_side GL_EXT_stencil_wrap GL_EXT_texture3D GL_EXT_texture_compression_s3tc GL_EXT_texture_cube_map GL_EXT_texture_edge_clamp GL_EXT_texture_env_combine GL_EXT_texture_env_dot3 GL_EXT_texture_filter_anisotropic GL_EXT_texture_lod GL_EXT_texture_lod_bias GL_EXT_texture_mirror_clamp GL_EXT_texture_object GL_EXT_texture_sRGB GL_EXT_timer_query GL_EXT_vertex_array GL_IBM_rasterpos_clip GL_IBM_texture_mirrored_repeat GL_KTX_buffer_region GL_NV_blend_square GL_NV_copy_depth_to_color GL_NV_depth_clamp GL_NV_fence GL_NV_float_buffer GL_NV_fog_distance GL_NV_fragment_program GL_NV_fragment_program_option GL_NV_fragment_program2 GL_NV_framebuffer_multisample_coverage GL_NV_half_float GL_NV_light_max_exponent GL_NV_multisample_filter_hint GL_NV_occlusion_query GL_NV_packed_depth_stencil GL_NV_pixel_data_range GL_NV_point_sprite GL_NV_primitive_restart GL_NV_register_combiners GL_NV_register_combiners2 GL_NV_texgen_reflection GL_NV_texture_compression_vtc GL_NV_texture_env_combine4 GL_NV_texture_expand_normal GL_NV_texture_rectangle GL_NV_texture_shader GL_NV_texture_shader2 GL_NV_texture_shader3 GL_NV_vertex_array_range GL_NV_vertex_array_range2 GL_NV_vertex_program GL_NV_vertex_program1_1 GL_NV_vertex_program2 GL_NV_vertex_program2_option GL_NV_vertex_program3 GL_NVX_conditional_render GL_SGIS_generate_mipmap GL_SGIS_texture_lod GL_SGIX_depth_texture GL_SGIX_shadow GL_SUN_slice_accum 
20:03:58: ***************************
20:03:58: *** GL Renderer Started ***
20:03:58: ***************************
20:03:58: Registering ResourceManager for type GpuProgram
20:03:58: GLSL support detected
20:03:58: GL: Using PBuffers for rendering to textures
20:03:58: RenderSystem capabilities
20:03:58: -------------------------
20:03:58:  * Hardware generation of mipmaps: yes
20:03:58:  * Texture blending: yes
20:03:58:  * Anisotropic texture filtering: yes
20:03:58:  * Dot product texture operation: yes
20:03:58:  * Cube mapping: yes
20:03:58:  * Hardware stencil buffer: yes
20:03:58:    - Stencil depth: 8
20:03:58:    - Two sided stencil support: yes
20:03:58:    - Wrap stencil values: yes
20:03:58:  * Hardware vertex / index buffers: yes
20:03:58:  * Vertex programs: yes
20:03:58:    - Max vertex program version: vp40
20:03:58:  * Fragment programs: yes
20:03:58:    - Max fragment program version: fp40
20:03:58:  * Texture Compression: yes
20:03:58:    - DXT: yes
20:03:58:    - VTC: yes
20:03:58:  * Scissor Rectangle: yes
20:03:58:  * Hardware Occlusion Query: yes
20:03:58:  * User clip planes: yes
20:03:58:  * VET_UBYTE4 vertex element type: yes
20:03:58:  * Infinite far plane projection: yes
20:03:58:  * Hardware render-to-texture: yes
20:03:58:  * Floating point textures: yes
20:03:58:  * Non-power-of-two textures: yes
20:03:58:  * Volume textures: yes
20:03:58:  * Multiple Render Targets: 1
20:03:58:  * Point Sprites: yes
20:03:58:  * Extended point parameters: yes
20:03:58:  * Max Point Size: 63.375
20:03:58:  * Vertex texture fetch: yes
20:03:58:    - Max vertex textures: 4
20:03:58:    - Vertex textures shared: yes
20:03:58: Registering ResourceManager for type Texture
20:03:58: ResourceBackgroundQueue - threading disabled
20:03:58: Particle Renderer Type 'billboard' registered
20:03:58: SceneManagerFactory for type 'BspSceneManager' registered.
20:03:58: Registering ResourceManager for type BspLevel
20:03:58: SceneManagerFactory for type 'OctreeSceneManager' registered.
20:03:58: SceneManagerFactory for type 'TerrainSceneManager' registered.
20:03:58: Creating viewport on target 'OGRE Render Window', rendering from camera 'PlayerCam', relative dimensions L: 0.00 T: 0.00 W: 1.00 H: 1.00 ZOrder: 0
20:03:58: *** Initializing OIS ***
20:03:58: Parsing scripts for resource group Autodetect
20:03:58: Finished parsing scripts for resource group Autodetect
20:03:58: Parsing scripts for resource group Bootstrap
20:03:58: Parsing script Car.material
20:03:58: Parsing script Scene.material
20:03:58: Parsing script Terrain.material
20:03:58: Parsing script Wall.material
20:03:58: Parsing script OgreCore.material
20:03:58: Parsing script OgreProfiler.material
20:03:58: Parsing script Ogre.fontdef
20:03:58: Parsing script OgreDebugPanel.overlay
20:03:58: Texture: New_Ogre_Border_Center.png: Loading 1 faces(PF_A8R8G8B8,256x128x1) with 5 hardware generated mipmaps from Image. Internal format is PF_A8R8G8B8,256x128x1.
20:03:58: Texture: New_Ogre_Border.png: Loading 1 faces(PF_A8R8G8B8,256x256x1) with 5 hardware generated mipmaps from Image. Internal format is PF_A8R8G8B8,256x256x1.
20:03:58: Texture: New_Ogre_Border_Break.png: Loading 1 faces(PF_A8R8G8B8,32x32x1) with 5 hardware generated mipmaps from Image. Internal format is PF_A8R8G8B8,32x32x1.
20:03:58: Font BlueHighwayusing texture size 512x512
20:03:58: Info: Freetype returned null for character 127 in font BlueHighway
20:03:58: Info: Freetype returned null for character 128 in font BlueHighway
20:03:58: Info: Freetype returned null for character 129 in font BlueHighway
20:03:58: Info: Freetype returned null for character 130 in font BlueHighway
20:03:58: Info: Freetype returned null for character 131 in font BlueHighway
20:03:58: Info: Freetype returned null for character 132 in font BlueHighway
20:03:58: Info: Freetype returned null for character 133 in font BlueHighway
20:03:58: Info: Freetype returned null for character 134 in font BlueHighway
20:03:58: Info: Freetype returned null for character 135 in font BlueHighway
20:03:58: Info: Freetype returned null for character 136 in font BlueHighway
20:03:58: Info: Freetype returned null for character 137 in font BlueHighway
20:03:58: Info: Freetype returned null for character 138 in font BlueHighway
20:03:58: Info: Freetype returned null for character 139 in font BlueHighway
20:03:58: Info: Freetype returned null for character 140 in font BlueHighway
20:03:58: Info: Freetype returned null for character 141 in font BlueHighway
20:03:58: Info: Freetype returned null for character 142 in font BlueHighway
20:03:58: Info: Freetype returned null for character 143 in font BlueHighway
20:03:58: Info: Freetype returned null for character 144 in font BlueHighway
20:03:58: Info: Freetype returned null for character 145 in font BlueHighway
20:03:58: Info: Freetype returned null for character 146 in font BlueHighway
20:03:58: Info: Freetype returned null for character 147 in font BlueHighway
20:03:58: Info: Freetype returned null for character 148 in font BlueHighway
20:03:58: Info: Freetype returned null for character 149 in font BlueHighway
20:03:58: Info: Freetype returned null for character 150 in font BlueHighway
20:03:58: Info: Freetype returned null for character 151 in font BlueHighway
20:03:58: Info: Freetype returned null for character 152 in font BlueHighway
20:03:58: Info: Freetype returned null for character 153 in font BlueHighway
20:03:58: Info: Freetype returned null for character 154 in font BlueHighway
20:03:58: Info: Freetype returned null for character 155 in font BlueHighway
20:03:58: Info: Freetype returned null for character 156 in font BlueHighway
20:03:58: Info: Freetype returned null for character 157 in font BlueHighway
20:03:58: Info: Freetype returned null for character 158 in font BlueHighway
20:03:58: Info: Freetype returned null for character 159 in font BlueHighway
20:03:58: Info: Freetype returned null for character 160 in font BlueHighway
20:03:58: Texture: BlueHighwayTexture: Loading 1 faces(PF_BYTE_LA,512x512x1) with  hardware generated mipmaps from Image. Internal format is PF_BYTE_LA,512x512x1.
20:03:58: Texture: ogretext.png: Loading 1 faces(PF_A8R8G8B8,256x128x1) with 5 hardware generated mipmaps from Image. Internal format is PF_A8R8G8B8,256x128x1.
20:03:58: Parsing script OgreLoadingPanel.overlay
20:03:58: Finished parsing scripts for resource group Bootstrap
20:03:58: Parsing scripts for resource group General
20:03:58: Parsing script Examples.program
20:03:58: GLSL compiling: Ogre/BasicVertexPrograms/AmbientOneTextureGLSL
20:03:59: GLSL compiled : Ogre/BasicVertexPrograms/AmbientOneTextureGLSL
20:03:59: GLSL compiling: Ogre/HardwareSkinningTwoWeightsGLSL
20:03:59: GLSL compiled : Ogre/HardwareSkinningTwoWeightsGLSL
20:03:59: Parsing script StdQuad_vp.program
20:03:59: Parsing script deferred_post_minilight.glsl.program
20:03:59: GLSL compiling: DeferredShading/post/glsl/LightMaterial_vs
20:03:59: GLSL compiled : DeferredShading/post/glsl/LightMaterial_vs
20:03:59: GLSL compiling: DeferredShading/post/glsl/LightMaterial_ps
20:03:59: GLSL compiled : DeferredShading/post/glsl/LightMaterial_ps
20:03:59: Parsing script deferred.glsl.program
20:03:59: GLSL compiling: DeferredShading/material/glsl/ps
20:03:59: GLSL compiled : DeferredShading/material/glsl/ps
20:03:59: GLSL compiling: DeferredShading/material/glsl/notex_ps
20:03:59: GLSL compiled : DeferredShading/material/glsl/notex_ps
20:03:59: GLSL compiling: DeferredShading/material/glsl/nm_ps
20:03:59: GLSL compiled : DeferredShading/material/glsl/nm_ps
20:03:59: GLSL compiling: DeferredShading/material/glsl/nm_notex_ps
20:03:59: GLSL compiled : DeferredShading/material/glsl/nm_notex_ps
20:03:59: Parsing script deferred_post_debug.hlsl.program
20:03:59: Parsing script deferred_post_multipass.glsl.program
20:03:59: GLSL compiling: DeferredShading/post/glsl/Ambient_ps
20:03:59: GLSL compiled : DeferredShading/post/glsl/Ambient_ps
20:03:59: GLSL compiling: DeferredShading/post/glsl/GlobalLight_ps
20:03:59: GLSL compiled : DeferredShading/post/glsl/GlobalLight_ps
20:03:59: Parsing script deferred_post_onepass.glsl.program
20:03:59: GLSL compiling: DeferredShading/post/glsl/vs
20:03:59: GLSL compiled : DeferredShading/post/glsl/vs
20:03:59: GLSL compiling: DeferredShading/post/glsl/SinglePass_ps
20:03:59: GLSL compiled : DeferredShading/post/glsl/SinglePass_ps
20:03:59: Parsing script deferred_post_debug.glsl.program
20:03:59: GLSL compiling: DeferredShading/post/glsl/ShowNormal_ps
20:03:59: GLSL compiled : DeferredShading/post/glsl/ShowNormal_ps
20:03:59: GLSL compiling: DeferredShading/post/glsl/ShowDS_ps
20:03:59: GLSL compiled : DeferredShading/post/glsl/ShowDS_ps
20:03:59: GLSL compiling: DeferredShading/post/glsl/ShowColour_ps
20:03:59: GLSL compiled : DeferredShading/post/glsl/ShowColour_ps
20:03:59: Parsing script deferred_post_onepass.hlsl.program
20:03:59: Parsing script deferred_post_multipass.hlsl.program
20:03:59: Parsing script deferred.hlsl.program
20:03:59: Parsing script deferred_post_minilight.hlsl.program
20:03:59: Parsing script SharpenEdges.material
20:03:59: Parsing script Example.material
20:03:59: GLSL compiling: Ogre/HardwareSkinningTwoWeightsShadowCasterGLSL
20:03:59: GLSL compiled : Ogre/HardwareSkinningTwoWeightsShadowCasterGLSL
20:03:59: Parsing script Invert.material
20:03:59: Parsing script Posterize.material
20:03:59: Parsing script Tiling.material
20:03:59: Parsing script DOF.material
20:03:59: Parsing script Example-DynTex.material
20:03:59: Parsing script Ocean.material
20:03:59: GLSL compiling: GLSL/OceanVS
20:03:59: GLSL compiled : GLSL/OceanVS
20:03:59: GLSL compiling: GLSL/OceanFS
20:03:59: GLSL compiled : GLSL/OceanFS
20:03:59: GLSL compiling: GLSL/Ocean2VS
20:03:59: GLSL compiled : GLSL/Ocean2VS
20:03:59: GLSL compiling: GLSL/Ocean2FS
20:03:59: GLSL compiled : GLSL/Ocean2FS
20:03:59: Parsing script BlackAndWhite.material
20:03:59: Parsing script DepthShadowmap.material
20:03:59: GLSL compiling: Ogre/DepthShadowmap/CasterVP_GLSL
20:03:59: GLSL compiled : Ogre/DepthShadowmap/CasterVP_GLSL
20:03:59: GLSL compiling: Ogre/DepthShadowmap/ReceiverVP_GLSL
20:03:59: GLSL compiled : Ogre/DepthShadowmap/ReceiverVP_GLSL
20:03:59: GLSL compiling: Ogre/DepthShadowmap/ReceiverFP_GLSL
20:03:59: GLSL compiled : Ogre/DepthShadowmap/ReceiverFP_GLSL
20:03:59: GLSL compiling: Ogre/DepthShadowmap/ReceiverFPPCF_GLSL
20:03:59: GLSL compiled : Ogre/DepthShadowmap/ReceiverFPPCF_GLSL
20:03:59: GLSL compiling: Ogre/DepthShadowmap/NormalMapReceiverVP_GLSL
20:03:59: GLSL compiled : Ogre/DepthShadowmap/NormalMapReceiverVP_GLSL
20:03:59: GLSL compiling: Ogre/DepthShadowmap/NormalMapReceiverFP_GLSL
20:03:59: GLSL compiled : Ogre/DepthShadowmap/NormalMapReceiverFP_GLSL
20:03:59: GLSL compiling: Ogre/DepthShadowmap/NormalMapReceiverFPPCF_GLSL
20:03:59: GLSL compiled : Ogre/DepthShadowmap/NormalMapReceiverFPPCF_GLSL
20:03:59: GLSL compiling: Ogre/DepthShadowmap/CasterFP_GLSL
20:03:59: GLSL compiled : Ogre/DepthShadowmap/CasterFP_GLSL
20:03:59: Parsing script hdr.material
20:03:59: GLSL compiling: Ogre/Compositor/HDR/downscale2x2LuminenceGLSL_fp
20:03:59: GLSL compiled : Ogre/Compositor/HDR/downscale2x2LuminenceGLSL_fp
20:03:59: GLSL compiling: Ogre/Compositor/StdQuad_GLSL_vp
20:03:59: GLSL compiled : Ogre/Compositor/StdQuad_GLSL_vp
20:03:59: GLSL compiling: Ogre/Compositor/HDR/downscale3x3GLSL_fp
20:04:00: GLSL compiled : Ogre/Compositor/HDR/downscale3x3GLSL_fp
20:04:00: GLSL compiling: Ogre/Compositor/HDR/utils_fp
20:04:00: GLSL compiled : Ogre/Compositor/HDR/utils_fp
20:04:00: GLSL compiling: Ogre/Compositor/HDR/downscale3x3brightpassGLSL_fp
20:04:00: GLSL compiled : Ogre/Compositor/HDR/downscale3x3brightpassGLSL_fp
20:04:00: GLSL compiling: Ogre/Compositor/HDR/bloomGLSL_fp
20:04:00: GLSL compiled : Ogre/Compositor/HDR/bloomGLSL_fp
20:04:00: GLSL compiling: Ogre/Compositor/HDR/utils_fp
20:04:00: GLSL compiled : Ogre/Compositor/HDR/utils_fp
20:04:00: GLSL compiling: Ogre/Compositor/HDR/finaltonemappingGLSL_fp
20:04:00: GLSL compiled : Ogre/Compositor/HDR/finaltonemappingGLSL_fp
20:04:00: Parsing script Laplace.material
20:04:00: Parsing script MotionBlur.material
20:04:00: Parsing script facial.material
20:04:00: Parsing script Hurt.material
20:04:00: Parsing script Examples-Advanced.material
20:04:00: Parsing script Ogre.material
20:04:00: Parsing script Glass.material
20:04:00: Parsing script Example-Water.material
20:04:00: Parsing script Bloom.material
20:04:00: GLSL compiling: Blur_ps_glsl
20:04:00: GLSL compiled : Blur_ps_glsl
20:04:00: GLSL compiling: Blur0_vs_glsl
20:04:00: GLSL compiled : Blur0_vs_glsl
20:04:00: GLSL compiling: Blur1_vs_glsl
20:04:00: GLSL compiled : Blur1_vs_glsl
20:04:00: Parsing script HeatVision.material
20:04:00: Parsing script smoke.material
20:04:00: Parsing script RZR-002.material
20:04:00: Parsing script instancing.material
20:04:00: GLSL compiling: InstancingGLSL
20:04:00: GLSL compiled : InstancingGLSL
20:04:00: GLSL compiling: InstancingShadowCasterGLSL
20:04:00: GLSL compiled : InstancingShadowCasterGLSL
20:04:00: GLSL compiling: CrowdGLSL
20:04:00: GLSL compiled : CrowdGLSL
20:04:00: GLSL compiling: CrowdShadowCasterGLSL
20:04:00: GLSL compiled : CrowdShadowCasterGLSL
20:04:00: Parsing script VarianceShadowmap.material
20:04:00: Parsing script OffsetMapping.material
20:04:01: GLSL compiling: Examples/OffsetMappingIntegratedShadowsFPglsl
20:04:01: GLSL compiled : Examples/OffsetMappingIntegratedShadowsFPglsl
20:04:01: GLSL compiling: Examples/OffsetMappingIntegratedShadowsVPglsl
20:04:01: GLSL compiled : Examples/OffsetMappingIntegratedShadowsVPglsl
20:04:01: Parsing script OldTV.material
20:04:01: Parsing script Embossed.material
20:04:01: Parsing script OldMovie.material
20:04:01: Parsing script deferred.material
20:04:01: GLSL compiling: DeferredShading/material/glsl/vs
20:04:01: GLSL compiled : DeferredShading/material/glsl/vs
20:04:01: GLSL compiling: DeferredShading/material/glsl/nm_vs
20:04:01: GLSL compiled : DeferredShading/material/glsl/nm_vs
20:04:01: Parsing script deferred_post_debug.material
20:04:01: Parsing script deferred_post_minilight.material
20:04:01: Parsing script deferreddemo.material
20:04:01: Parsing script deferred_post_onepass.material
20:04:01: Parsing script deferred_post_multipass.material
20:04:01: Parsing script RomanBath.material
20:04:01: Parsing script Examples.compositor
20:04:01: Parsing script sample.fontdef
20:04:01: Parsing script Example-Water.particle
20:04:01: Parsing script emitted_emitter.particle
20:04:01: Parsing script Example.particle
20:04:01: Parsing script smoke.particle
20:04:01: Parsing script Example-Water.overlay
20:04:01: Parsing script Example-CubeMapping.overlay
20:04:01: Parsing script DP3.overlay
20:04:01: Parsing script Compositor.overlay
20:04:01: Parsing script Shadows.overlay
20:04:01: Parsing script Example-DynTex.overlay
20:04:01: Finished parsing scripts for resource group General
20:04:01: Parsing scripts for resource group Internal
20:04:01: Finished parsing scripts for resource group Internal
20:04:01: Texture: cloudy_noon_fr.jpg: Loading 1 faces(PF_R8G8B8,512x512x1) with 5 hardware generated mipmaps from Image. Internal format is PF_X8R8G8B8,512x512x1.
20:04:01: Texture: cloudy_noon_bk.jpg: Loading 1 faces(PF_R8G8B8,512x512x1) with 5 hardware generated mipmaps from Image. Internal format is PF_X8R8G8B8,512x512x1.
20:04:01: Texture: cloudy_noon_lf.jpg: Loading 1 faces(PF_R8G8B8,512x512x1) with 5 hardware generated mipmaps from Image. Internal format is PF_X8R8G8B8,512x512x1.
20:04:01: Texture: cloudy_noon_rt.jpg: Loading 1 faces(PF_R8G8B8,512x512x1) with 5 hardware generated mipmaps from Image. Internal format is PF_X8R8G8B8,512x512x1.
20:04:01: Texture: cloudy_noon_up.jpg: Loading 1 faces(PF_R8G8B8,512x512x1) with 5 hardware generated mipmaps from Image. Internal format is PF_X8R8G8B8,512x512x1.
20:04:01: Texture: cloudy_noon_dn.jpg: Loading 1 faces(PF_R8G8B8,512x512x1) with 5 hardware generated mipmaps from Image. Internal format is PF_X8R8G8B8,512x512x1.
20:04:01: Mesh: Loading /media/Dump/David_Code/demo_2/Demo_2/Media/Chassis.mesh.
20:04:01: Texture: car.jpg: Loading 1 faces(PF_R8G8B8,512x512x1) with 5 hardware generated mipmaps from Image. Internal format is PF_X8R8G8B8,512x512x1.
20:04:01: Mesh: Loading /media/Dump/David_Code/demo_2/Demo_2/Media/Wall.mesh.
20:04:01: Texture: wall.bmp: Loading 1 faces(PF_R8G8B8,128x128x1) with 5 hardware generated mipmaps from Image. Internal format is PF_X8R8G8B8,128x128x1.
20:04:01: Mesh: Loading /media/Dump/David_Code/demo_2/Demo_2/Media/Plane.mesh.
20:04:01: Texture: grass_1.bmp: Loading 1 faces(PF_A8R8G8B8,512x512x1) with 5 hardware generated mipmaps from Image. Internal format is PF_A8R8G8B8,512x512x1.
20:04:05: Unregistering ResourceManager for type BspLevel
20:04:05: *-*-* OGRE Shutdown
20:04:05: Unregistering ResourceManager for type Compositor
20:04:05: Unregistering ResourceManager for type Font
20:04:05: Unregistering ResourceManager for type Skeleton
20:04:05: Unregistering ResourceManager for type Mesh
20:04:05: Unregistering ResourceManager for type HighLevelGpuProgram
20:04:05: Uninstalling plugin: Cg Program Manager
20:04:05: Plugin successfully uninstalled
20:04:05: Unloading library /usr/lib/OGRE/Plugin_CgProgramManager.so
20:04:05: Uninstalling plugin: Octree & Terrain Scene Manager
20:04:05: Plugin successfully uninstalled
20:04:05: Unloading library /usr/lib/OGRE/Plugin_OctreeSceneManager.so
20:04:05: Uninstalling plugin: BSP Scene Manager
20:04:05: Plugin successfully uninstalled
20:04:05: Unloading library /usr/lib/OGRE/Plugin_BSPSceneManager.so
20:04:05: Uninstalling plugin: ParticleFX
20:04:05: Plugin successfully uninstalled
20:04:05: Unloading library /usr/lib/OGRE/Plugin_ParticleFX.so
20:04:05: Uninstalling plugin: GL RenderSystem
20:04:05: Render Target 'OGRE Render Window' Average FPS: 308.568 Best FPS: 405.19 Worst FPS: 142.455
20:04:05: Unregistering ResourceManager for type GpuProgram
20:04:05: ******************************
*** Stopping GLX Subsystem ***
******************************
20:04:05: Unregistering ResourceManager for type Texture
20:04:05: Plugin successfully uninstalled
20:04:05: Unloading library /usr/lib/OGRE/RenderSystem_GL.so
20:04:05: Unregistering ResourceManager for type Material
