17:03:21: Creating resource group General
17:03:21: Creating resource group Internal
17:03:21: Creating resource group Autodetect
17:03:21: Registering ResourceManager for type Mesh
17:03:21: Registering ResourceManager for type Material
17:03:21: Registering ResourceManager for type Skeleton
17:03:21: XMLMeshSerializer reading mesh data from WheelRightFront.mesh.xml...
17:03:21: Reading submeshes...
17:03:21: Reading geometry...
17:03:21: Geometry done...
17:03:21: Submeshes done.
17:03:21: XMLMeshSerializer import successful.
17:03:21: Reorganising vertex buffers to automatic layout..
17:03:21: MeshSerializer writing mesh data to WheelRightFront.mesh...
17:03:21: File header written.
17:03:21: Writing mesh data...
17:03:21: Writing submesh...
17:03:21: Exporting submesh texture aliases...
17:03:21: Submesh texture aliases exported.
17:03:21: Submesh exported.
17:03:21: Exporting bounds information....
17:03:21: Bounds information exported.
17:03:21: Exporting submesh name table...
17:03:21: Submesh name table exported.
17:03:21: Exporting edge lists...
17:03:21: Edge lists exported
17:03:21: Mesh data exported.
17:03:21: MeshSerializer export successful.
17:03:21: Unregistering ResourceManager for type Skeleton
17:03:21: Unregistering ResourceManager for type Material
17:03:21: Unregistering ResourceManager for type Mesh
