15:52:53: Creating resource group General
15:52:53: Creating resource group Internal
15:52:53: Creating resource group Autodetect
15:52:53: Registering ResourceManager for type Material
15:52:53: Registering ResourceManager for type Skeleton
15:52:53: Registering ResourceManager for type Mesh
15:52:53: MeshSerializer writing mesh data to Wall.mesh...
15:52:53: File header written.
15:52:53: Writing mesh data...
15:52:53: Writing submesh...
15:52:53: Exporting submesh texture aliases...
15:52:53: Submesh texture aliases exported.
15:52:53: Submesh exported.
15:52:53: Exporting bounds information....
15:52:53: Bounds information exported.
15:52:53: Exporting submesh name table...
15:52:53: Submesh name table exported.
15:52:53: Exporting edge lists...
15:52:53: Edge lists exported
15:52:53: Mesh data exported.
15:52:53: MeshSerializer export successful.
15:52:53: Unregistering ResourceManager for type Mesh
15:52:53: Unregistering ResourceManager for type Skeleton
15:52:53: Unregistering ResourceManager for type Material
